<?xml version='1.0' encoding='UTF-8' ?>
<testsuite name="com.example.quizz.AppEntitiesTest" tests="1" failures="0" errors="0" skipped="0" time="0.714" timestamp="2026-05-30T12:01:53" hostname="localhost">
  <properties>
    <property name="device" value="Medium_Phone_API_36.1(AVD) - 16" />
    <property name="flavor" value="" />
    <property name="project" value=":app" />
  </properties>
  <testcase name="testRelationsEtInsertionsGlobales" classname="com.example.quizz.AppEntitiesTest" time="0.12" />
</testsuite>